-------------------------------------------------------------------------------
Test set: br.com.digitalhouse.demo.DemoApplicationTests
-------------------------------------------------------------------------------
Tests run: 1, Failures: 0, Errors: 1, Skipped: 0, Time elapsed: 0.945 s <<< FAILURE! - in br.com.digitalhouse.demo.DemoApplicationTests
contextLoads  Time elapsed: 0.001 s  <<< ERROR!
java.lang.IllegalStateException: Failed to load ApplicationContext
Caused by: org.springframework.beans.factory.BeanDefinitionStoreException: Failed to parse configuration class [br.com.digitalhouse.demo.DemoApplication]; nested exception is org.springframework.context.annotation.ConflictingBeanDefinitionException: Annotation-specified bean name 'requestParamClass' for bean class [br.com.digitalhouse.demo.requestparam.RequestParamClass] conflicts with existing, non-compatible bean definition of same name and class [br.com.digitalhouse.demo.TestRequestParam.RequestParamClass]
Caused by: org.springframework.context.annotation.ConflictingBeanDefinitionException: Annotation-specified bean name 'requestParamClass' for bean class [br.com.digitalhouse.demo.requestparam.RequestParamClass] conflicts with existing, non-compatible bean definition of same name and class [br.com.digitalhouse.demo.TestRequestParam.RequestParamClass]

