-------------------------------------------------------------------------------
Test set: br.com.digitalhouse.demo.DemoApplicationTests
-------------------------------------------------------------------------------
Tests run: 1, Failures: 0, Errors: 1, Skipped: 0, Time elapsed: 0.201 s <<< FAILURE! - in br.com.digitalhouse.demo.DemoApplicationTests
br.com.digitalhouse.demo.DemoApplicationTests  Time elapsed: 0.2 s  <<< ERROR!
java.lang.IllegalStateException: Unable to find a @SpringBootConfiguration, you need to use @ContextConfiguration or @SpringBootTest(classes=...) with your test

